0 info it worked if it ends with ok
1 verbose cli [
1 verbose cli   'C:\\Program Files\\nodejs\\node.exe',
1 verbose cli   'C:\\Users\\mae\\AppData\\Roaming\\npm\\node_modules\\npm\\bin\\npm-cli.js',
1 verbose cli   'start'
1 verbose cli ]
2 info using npm@3.10.10
3 info using node@v13.11.0
4 verbose run-script [ 'prestart', 'start', 'poststart' ]
5 info lifecycle tour_project@1.0.0~prestart: tour_project@1.0.0
6 silly lifecycle tour_project@1.0.0~prestart: no script for prestart, continuing
7 info lifecycle tour_project@1.0.0~start: tour_project@1.0.0
8 verbose lifecycle tour_project@1.0.0~start: unsafe-perm in lifecycle true
9 verbose lifecycle tour_project@1.0.0~start: PATH: C:\Users\mae\AppData\Roaming\npm\node_modules\npm\bin\node-gyp-bin;C:\Users\mae\Desktop\CodingSec\node.JS\complete-node-bootcamp-master(Jonason)\4-natours\starter\node_modules\.bin;C:\Program Files (x86)\Intel\Intel(R) Management Engine Components\iCLS\;C:\Program Files\Intel\Intel(R) Management Engine Components\iCLS\;C:\Windows\system32;C:\Windows;C:\Windows\System32\Wbem;C:\Windows\System32\WindowsPowerShell\v1.0\;C:\Program Files (x86)\NVIDIA Corporation\PhysX\Common;C:\Program Files (x86)\Intel\Intel(R) Management Engine Components\DAL;C:\Program Files\Intel\Intel(R) Management Engine Components\DAL;C:\Program Files (x86)\Intel\Intel(R) Management Engine Components\IPT;C:\Program Files\Intel\Intel(R) Management Engine Components\IPT;C:\Program Files\Intel\WiFi\bin\;C:\Program Files\Common Files\Intel\WirelessCommon\;C:\WINDOWS\system32;C:\WINDOWS;C:\WINDOWS\System32\Wbem;C:\WINDOWS\System32\WindowsPowerShell\v1.0\;C:\WINDOWS\System32\OpenSSH\;C:\Program Files\dotnet\;C:\Program Files\Microsoft SQL Server\130\Tools\Binn\;C:\Program Files\Microsoft SQL Server\Client SDK\ODBC\170\Tools\Binn\;C:\Program Files (x86)\Microsoft SQL Server\150\Tools\Binn\;C:\Program Files\Microsoft SQL Server\150\Tools\Binn\;C:\Program Files\Microsoft SQL Server\150\DTS\Binn\;C:\Program Files\PuTTY\;C:\Program Files (x86)\Microsoft SQL Server\150\DTS\Binn\;C:\ProgramData\chocolatey\bin;C:\Program Files\nodejs\;C:\Program Files\Git\cmd;C:\Program Files\Microsoft VS Code\bin;C:\Program Files (x86)\WinMerge;C:\Ruby30-x64\bin;C:\Users\mae\AppData\Local\Microsoft\WindowsApps;C:\Users\mae\AppData\Roaming\npm;C:\Users\mae\.dotnet\tools;C:\Users\mae\.dotnet\tools;C:\Program Files\West Wind WebSurge;C:\Program Files\heroku\bin;C:\Users\mae\AppData\Local\Microsoft\WindowsApps;
10 verbose lifecycle tour_project@1.0.0~start: CWD: C:\Users\mae\Desktop\CodingSec\node.JS\complete-node-bootcamp-master(Jonason)\4-natours\starter
11 silly lifecycle tour_project@1.0.0~start: Args: [ '/d /s /c', 'SET NODE_ENV=development&& nodemon server.js' ]
12 silly lifecycle tour_project@1.0.0~start: Returned: code: 3221225786  signal: null
13 info lifecycle tour_project@1.0.0~start: Failed to exec start script
14 verbose stack Error: tour_project@1.0.0 start: `SET NODE_ENV=development&& nodemon server.js`
14 verbose stack Exit status 3221225786
14 verbose stack     at EventEmitter.<anonymous> (C:\Users\mae\AppData\Roaming\npm\node_modules\npm\lib\utils\lifecycle.js:255:16)
14 verbose stack     at EventEmitter.emit (events.js:315:20)
14 verbose stack     at ChildProcess.<anonymous> (C:\Users\mae\AppData\Roaming\npm\node_modules\npm\lib\utils\spawn.js:40:14)
14 verbose stack     at ChildProcess.emit (events.js:315:20)
14 verbose stack     at maybeClose (internal/child_process.js:1026:16)
14 verbose stack     at Process.ChildProcess._handle.onexit (internal/child_process.js:286:5)
15 verbose pkgid tour_project@1.0.0
16 verbose cwd C:\Users\mae\Desktop\CodingSec\node.JS\complete-node-bootcamp-master(Jonason)\4-natours\starter\controllers
17 error Windows_NT 10.0.19042
18 error argv "C:\\Program Files\\nodejs\\node.exe" "C:\\Users\\mae\\AppData\\Roaming\\npm\\node_modules\\npm\\bin\\npm-cli.js" "start"
19 error node v13.11.0
20 error npm  v3.10.10
21 error code ELIFECYCLE
22 error tour_project@1.0.0 start: `SET NODE_ENV=development&& nodemon server.js`
22 error Exit status 3221225786
23 error Failed at the tour_project@1.0.0 start script 'SET NODE_ENV=development&& nodemon server.js'.
23 error Make sure you have the latest version of node.js and npm installed.
23 error If you do, this is most likely a problem with the tour_project package,
23 error not with npm itself.
23 error Tell the author that this fails on your system:
23 error     SET NODE_ENV=development&& nodemon server.js
23 error You can get information on how to open an issue for this project with:
23 error     npm bugs tour_project
23 error Or if that isn't available, you can get their info via:
23 error     npm owner ls tour_project
23 error There is likely additional logging output above.
24 verbose exit [ 1, true ]
